Watching for file changes with StatReloader
Performing system checks...

/Users/tongue/miniconda/lib/python3.13/site-packages/requests/__init__.py:113: RequestsDependencyWarning: urllib3 (2.5.0) or chardet (6.0.0.post1)/charset_normalizer (3.3.2) doesn't match a supported version!
  warnings.warn(
/Users/tongue/miniconda/lib/python3.13/site-packages/polars/_cpu_check.py:271: RuntimeWarning: Missing required CPU features.

The following required CPU features were not detected:
    avx, avx2, fma, bmi1, bmi2, lzcnt, movbe
Continuing to use this version of Polars on this processor will likely result in a crash.
Install `polars[rtcompat]` instead of `polars` to run Polars with better compatibility.

Hint: If you are on an Apple ARM machine (e.g. M1) this is likely due to running Python under Rosetta.
It is recommended to install a native version of Python that does not run under Rosetta x86-64 emulation.

If you believe this warning to be a false positive, you can set the `POLARS_SKIP_CPU_CHECK` environment variable to bypass this check.

  warnings.warn(
System check identified some issues:

WARNINGS:
markov.DEMSnapshot: (models.W042) Auto-created primary key used when not defining a primary key type, by default 'django.db.models.AutoField'.
	HINT: Configure the DEFAULT_AUTO_FIELD setting or the MarkovConfig.default_auto_field attribute to point to a subclass of AutoField, e.g. 'django.db.models.BigAutoField'.
markov.Experiment: (models.W042) Auto-created primary key used when not defining a primary key type, by default 'django.db.models.AutoField'.
	HINT: Configure the DEFAULT_AUTO_FIELD setting or the MarkovConfig.default_auto_field attribute to point to a subclass of AutoField, e.g. 'django.db.models.BigAutoField'.
markov.PartitionMethod: (models.W042) Auto-created primary key used when not defining a primary key type, by default 'django.db.models.AutoField'.
	HINT: Configure the DEFAULT_AUTO_FIELD setting or the MarkovConfig.default_auto_field attribute to point to a subclass of AutoField, e.g. 'django.db.models.BigAutoField'.
markov.RSDResult: (models.W042) Auto-created primary key used when not defining a primary key type, by default 'django.db.models.AutoField'.
	HINT: Configure the DEFAULT_AUTO_FIELD setting or the MarkovConfig.default_auto_field attribute to point to a subclass of AutoField, e.g. 'django.db.models.BigAutoField'.
markov.TransitionMatrix: (models.W042) Auto-created primary key used when not defining a primary key type, by default 'django.db.models.AutoField'.
	HINT: Configure the DEFAULT_AUTO_FIELD setting or the MarkovConfig.default_auto_field attribute to point to a subclass of AutoField, e.g. 'django.db.models.BigAutoField'.

System check identified 5 issues (0 silenced).
March 25, 2026 - 12:52:23
Django version 4.2.11, using settings 'dem_mcm.settings'
Starting development server at http://127.0.0.1:8000/
Quit the server with CONTROL-C.

[25/Mar/2026 12:52:27] "GET /analysis/ HTTP/1.1" 200 46279
[25/Mar/2026 12:53:18] "GET /partitioner-3d/trame/ HTTP/1.1" 200 29398
[25/Mar/2026 12:53:19] "GET /api/partitioner/schemas/ HTTP/1.1" 200 3418
[25/Mar/2026 12:53:19] "GET /api/analysis/experiments/?method=cartesian HTTP/1.1" 200 56790
[25/Mar/2026 12:53:22] "GET /analysis/ HTTP/1.1" 200 46279
[25/Mar/2026 12:53:22] "GET /api/analysis/experiments/ HTTP/1.1" 200 163958
[25/Mar/2026 12:53:22] "GET /api/analysis/experiments/?method=&nlt=&step_size=&start_index=&n_states=&sort_by=method HTTP/1.1" 200 163958
[25/Mar/2026 13:47:20] "GET / HTTP/1.1" 200 91323
[25/Mar/2026 13:47:20] "GET /static/markov/css/glass-nav.css HTTP/1.1" 304 0
[25/Mar/2026 13:47:20] "GET /static/markov/css/glass-effects.css HTTP/1.1" 304 0
[25/Mar/2026 13:47:20] "GET /static/markov/css/liquid-glass-cards.css HTTP/1.1" 304 0
[25/Mar/2026 13:47:20] "GET /static/markov/js/liquid-glass-cards.js HTTP/1.1" 304 0
[25/Mar/2026 13:47:20] "GET /static/markov/js/glass-displacement.js HTTP/1.1" 304 0
[25/Mar/2026 13:47:20] "GET /api/stats/ HTTP/1.1" 200 130236
[25/Mar/2026 13:48:07] "GET /analysis/ HTTP/1.1" 200 46279
[25/Mar/2026 13:48:08] "GET /api/analysis/experiments/ HTTP/1.1" 200 163958
[25/Mar/2026 13:48:08] "GET /api/analysis/experiments/?method=&nlt=&step_size=&start_index=&n_states=&sort_by=method HTTP/1.1" 200 163958
[25/Mar/2026 13:48:11] "GET /partitioner-3d/trame/ HTTP/1.1" 200 29398
[25/Mar/2026 13:48:11] "GET /api/partitioner/schemas/ HTTP/1.1" 200 3418
[25/Mar/2026 13:48:11] "GET /api/analysis/experiments/?method=cartesian HTTP/1.1" 200 56790
[25/Mar/2026 13:48:13] "GET / HTTP/1.1" 200 91323
[25/Mar/2026 13:48:13] "GET /api/stats/ HTTP/1.1" 200 130236
[25/Mar/2026 13:50:22] "GET /analysis/ HTTP/1.1" 200 46279
[25/Mar/2026 13:50:23] "GET /api/analysis/experiments/?method=&nlt=&step_size=&start_index=&n_states=&sort_by=method HTTP/1.1" 200 163958
[25/Mar/2026 13:50:23] "GET /api/analysis/experiments/ HTTP/1.1" 200 163958
[25/Mar/2026 13:50:52,087] - Broken pipe from ('127.0.0.1', 55262)
[25/Mar/2026 14:06:12] "GET /analysis/ HTTP/1.1" 200 46279
[25/Mar/2026 14:06:12] "GET /static/markov/css/liquid-glass-cards.css HTTP/1.1" 304 0
[25/Mar/2026 14:06:12] "GET /static/markov/css/glass-effects.css HTTP/1.1" 304 0
[25/Mar/2026 14:06:12] "GET /static/markov/js/liquid-glass-cards.js HTTP/1.1" 304 0
[25/Mar/2026 14:06:12] "GET /api/analysis/experiments/ HTTP/1.1" 200 163958
[25/Mar/2026 14:06:12] "GET /api/analysis/experiments/?method=&nlt=&step_size=&start_index=&n_states=&sort_by=method HTTP/1.1" 200 163958
[25/Mar/2026 14:06:16] "GET /analysis/ HTTP/1.1" 200 46279
[25/Mar/2026 14:06:16] "GET /api/analysis/experiments/ HTTP/1.1" 200 163958
[25/Mar/2026 14:06:16] "GET /api/analysis/experiments/?method=&nlt=&step_size=&start_index=&n_states=&sort_by=method HTTP/1.1" 200 163958
[25/Mar/2026 14:06:21] "GET / HTTP/1.1" 200 91323
[25/Mar/2026 14:06:21] "GET /api/stats/ HTTP/1.1" 200 130236
[25/Mar/2026 14:06:23] "GET /analysis/ HTTP/1.1" 200 46279
[25/Mar/2026 14:06:23] "GET /api/analysis/experiments/ HTTP/1.1" 200 163958
[25/Mar/2026 14:06:23] "GET /api/analysis/experiments/?method=&nlt=&step_size=&start_index=&n_states=&sort_by=method HTTP/1.1" 200 163958
[25/Mar/2026 14:06:24] "GET / HTTP/1.1" 200 91323
[25/Mar/2026 14:06:24] "GET /api/stats/ HTTP/1.1" 200 130236
[25/Mar/2026 14:06:53,421] - Broken pipe from ('127.0.0.1', 55359)
Not Found: /favicon.ico
Not Found: /apple-touch-icon.png
Not Found: /apple-touch-icon-precomposed.png
[25/Mar/2026 14:08:40] "GET /favicon.ico HTTP/1.1" 404 9228
[25/Mar/2026 14:08:40] "GET /apple-touch-icon.png HTTP/1.1" 404 9255
[25/Mar/2026 14:08:40] "GET /apple-touch-icon-precomposed.png HTTP/1.1" 404 9291
